<?xml version="1.0" encoding="UTF-8"?>
<!-- Generated by org.testng.reporters.JUnitXMLReporter -->
<testsuite ignored="0" hostname="Rafias-MacBook-Air.local" failures="0" tests="13" name="Default test" time="43.702" errors="0" timestamp="2022-04-01T11:47:19 BDT">
  <testcase classname="tests.SearchHotel" name="clickonhotel" time="3.172"/>
  <testcase classname="tests.SearchHotel" name="clickonsearchfield" time="0.564"/>
  <testcase classname="tests.SearchHotel" name="sendcountryname" time="1.244"/>
  <testcase classname="tests.SearchHotel" name="selectcountryname" time="10.25"/>
  <testcase classname="tests.SearchHotel" name="printheading" time="2.157"/>
  <testcase classname="tests.SearchHotel" name="clickCheckindate" time="0.973"/>
  <testcase classname="tests.SearchHotel" name="clickCheckoutdate" time="2.479"/>
  <testcase classname="tests.SearchHotel" name="increasechild" time="3.229"/>
  <testcase classname="tests.SearchHotel" name="clickAgedropdown" time="2.303"/>
  <testcase classname="tests.SearchHotel" name="selectAge" time="0.169"/>
  <testcase classname="tests.SearchHotel" name="update_button" time="2.304"/>
  <testcase classname="tests.SearchHotel" name="clickHotelclass" time="6.309"/>
  <testcase classname="tests.SearchHotel" name="printHotelname" time="0.078"/>
</testsuite> <!-- Default test -->
